hdyl/code/nivi2000/NIVI1000_sg.android/NIVI1000.android/app/build/intermediates/manifest_merge_blame_file/release/manifest-merger-blame-release-report.txt
1<?xml version="1.0" encoding="utf-8"?>
2<manifest xmlns:android="http://schemas.android.com/apk/res/android"
3    package="com.hekangyuan.nivi1000"
4    android:versionCode="2"
5    android:versionName="1.1" >
6
7    <uses-sdk
8        android:minSdkVersion="21"
8-->src\main\AndroidManifest.xml
9        android:targetSdkVersion="26" />
9-->src\main\AndroidManifest.xml
10
11    <uses-permission android:name="android.permission.REORDER_TASKS" />
11-->src\main\AndroidManifest.xml:6:5-72
11-->src\main\AndroidManifest.xml:6:22-69
12    <!-- 必选 -->
13    <uses-permission android:name="android.permission.CHANGE_WIFI_STATE" /> <!-- 获取网络状态 -->
13-->src\main\AndroidManifest.xml:149:5-76
13-->src\main\AndroidManifest.xml:149:22-73
14    <uses-permission android:name="android.permission.ACCESS_NETWORK_STATE" /> <!-- 网络通信 -->
14-->src\main\AndroidManifest.xml:150:5-79
14-->src\main\AndroidManifest.xml:150:22-76
15    <uses-permission android:name="android.permission.INTERNET" /> <!-- 获取设备信息 -->
15-->src\main\AndroidManifest.xml:151:5-67
15-->src\main\AndroidManifest.xml:151:22-64
16    <uses-permission android:name="android.permission.READ_PHONE_STATE" /> <!-- 获取MAC地址 -->
16-->src\main\AndroidManifest.xml:152:5-75
16-->src\main\AndroidManifest.xml:152:22-72
17    <uses-permission android:name="android.permission.ACCESS_WIFI_STATE" /> <!-- 获取MAC地址 -->
17-->src\main\AndroidManifest.xml:153:5-76
17-->src\main\AndroidManifest.xml:153:22-73
18    <uses-permission android:name="android.permission.WRITE_EXTERNAL_STORAGE" /> <!-- 读写sdcard，storage等等 -->
18-->src\main\AndroidManifest.xml:154:5-81
18-->src\main\AndroidManifest.xml:154:22-78
19
20    <uses-permission android:name="android.permission.READ_EXTERNAL_STORAGE" /> <!-- 允许程序录制音频 -->
20-->src\main\AndroidManifest.xml:156:5-80
20-->src\main\AndroidManifest.xml:156:22-77
21    <uses-permission android:name="android.permission.RECORD_AUDIO" />
21-->src\main\AndroidManifest.xml:157:5-71
21-->src\main\AndroidManifest.xml:157:22-68
22    <uses-permission android:name="android.permission.REQUEST_INSTALL_PACKAGES" />
22-->src\main\AndroidManifest.xml:158:5-83
22-->src\main\AndroidManifest.xml:158:22-80
23    <uses-permission android:name="android.permission.DISABLE_KEYGUARD" />
23-->src\main\AndroidManifest.xml:159:5-76
23-->src\main\AndroidManifest.xml:159:22-74
24    <!-- 悬浮窗 -->
25    <!-- <uses-permission android:name="android.permission.SYSTEM_ALERT_WINDOW" /> -->
26    <!-- <uses-permission android:name="android.permission.SYSTEM_OVERLAY_WINDOW"/> -->
27    <!-- <uses-permission android:name="android.permission.GET_TASKS"/> -->
28    <!-- <uses-permission android:name="android.permission.READ_PHONE_STATE"/> -->
29
30    <uses-permission android:name="android.permission.REORDER_TASKS" />
30-->src\main\AndroidManifest.xml:6:5-72
30-->src\main\AndroidManifest.xml:6:22-69
31    <uses-permission android:name="android.permission.SYSTEM_ALERT_WINDOW" />
31-->src\main\AndroidManifest.xml:167:5-78
31-->src\main\AndroidManifest.xml:167:22-75
32    <uses-permission android:name="android.permission.WRITE_MEDIA_STORAGE" />
32-->src\main\AndroidManifest.xml:170:5-171:47
32-->src\main\AndroidManifest.xml:170:22-75
33    <uses-permission android:name="android.permission.READ_INTERNAL_STORAGE" />
33-->src\main\AndroidManifest.xml:172:5-80
33-->src\main\AndroidManifest.xml:172:22-77
34    <uses-permission
34-->src\main\AndroidManifest.xml:173:5-175:31
35        android:name="android.hardware.usb.host"
35-->src\main\AndroidManifest.xml:174:9-49
36        android:required="false" />
36-->src\main\AndroidManifest.xml:175:5-29
37
38    <uses-feature
38-->src\main\AndroidManifest.xml:176:5-178:31
39        android:name="android.hardware.usb.host"
39-->src\main\AndroidManifest.xml:177:9-49
40        android:required="true" />
40-->src\main\AndroidManifest.xml:178:5-28
41
42    <application
42-->src\main\AndroidManifest.xml:7:5-147:19
43        android:name="com.hekangyuan.nivi1000.MyApplication"
43-->src\main\AndroidManifest.xml:8:9-38
44        android:allowBackup="true"
44-->src\main\AndroidManifest.xml:9:9-35
45        android:icon="@mipmap/logo"
45-->src\main\AndroidManifest.xml:10:9-36
46        android:label="@string/app_name"
46-->src\main\AndroidManifest.xml:11:9-41
47        android:largeHeap="true"
47-->src\main\AndroidManifest.xml:12:9-33
48        android:supportsRtl="true"
48-->src\main\AndroidManifest.xml:13:9-35
49        android:theme="@style/Theme.AppCompat.Light.NoActionBar" >
49-->src\main\AndroidManifest.xml:14:9-65
50        <activity
50-->src\main\AndroidManifest.xml:16:9-20:20
51            android:name="com.hekangyuan.nivi1000.activity.HistoryActivity"
51-->src\main\AndroidManifest.xml:17:13-53
52            android:screenOrientation="landscape" >
52-->src\main\AndroidManifest.xml:18:13-50
53        </activity>
54        <activity
54-->src\main\AndroidManifest.xml:21:9-24:20
55            android:name="com.hekangyuan.nivi1000.activity.PatientInfomationActivity"
55-->src\main\AndroidManifest.xml:22:13-63
56            android:screenOrientation="landscape" >
56-->src\main\AndroidManifest.xml:23:13-50
57        </activity>
58
59        <!-- <activity android:name="org.mopria.printplugin.DocumentRenderingActivity" -->
60        <!-- android:screenOrientation="landscape"> -->
61
62
63        <!-- </activity> -->
64
65        <activity
65-->src\main\AndroidManifest.xml:31:9-35:20
66            android:name="com.hekangyuan.nivi1000.activity.NewBloodPressureActivity"
66-->src\main\AndroidManifest.xml:32:13-62
67            android:screenOrientation="landscape" >
67-->src\main\AndroidManifest.xml:33:13-50
68        </activity>
69        <activity
69-->src\main\AndroidManifest.xml:36:9-40:20
70            android:name="com.hekangyuan.nivi1000.activity.ShowPerinfoActivity"
70-->src\main\AndroidManifest.xml:37:13-57
71            android:screenOrientation="landscape" >
71-->src\main\AndroidManifest.xml:38:13-50
72        </activity>
73        <activity
73-->src\main\AndroidManifest.xml:41:9-48:20
74            android:name="com.hekangyuan.nivi1000.activity.LoginActivity"
74-->src\main\AndroidManifest.xml:42:13-51
75            android:screenOrientation="landscape" >
75-->src\main\AndroidManifest.xml:43:13-50
76            <intent-filter>
76-->src\main\AndroidManifest.xml:44:13-47:29
77                <action android:name="android.intent.action.MAIN" />
77-->src\main\AndroidManifest.xml:45:17-69
77-->src\main\AndroidManifest.xml:45:25-66
78
79                <category android:name="android.intent.category.LAUNCHER" />
79-->src\main\AndroidManifest.xml:46:17-77
79-->src\main\AndroidManifest.xml:46:27-74
80            </intent-filter>
81        </activity>
82        <activity
82-->src\main\AndroidManifest.xml:50:9-54:20
83            android:name="com.hekangyuan.nivi1000.print.PrintActivity"
83-->src\main\AndroidManifest.xml:51:13-48
84            android:screenOrientation="landscape" >
84-->src\main\AndroidManifest.xml:52:13-50
85        </activity>
86        <activity
86-->src\main\AndroidManifest.xml:55:9-59:20
87            android:name="com.hekangyuan.nivi1000.activity.DoubleBarActivity"
87-->src\main\AndroidManifest.xml:56:13-55
88            android:screenOrientation="landscape" >
88-->src\main\AndroidManifest.xml:57:13-50
89        </activity>
90        <activity
90-->src\main\AndroidManifest.xml:61:9-68:20
91            android:name="com.hekangyuan.nivi1000.activity.AnalysisActivity"
91-->src\main\AndroidManifest.xml:62:13-54
92            android:screenOrientation="landscape" >
92-->src\main\AndroidManifest.xml:63:13-50
93
94            <!-- <intent-filter> -->
95            <!-- <action android:name="android.intent.action.MAIN" /> -->
96            <!-- <category android:name="android.intent.category.LAUNCHER" /> -->
97            <!-- </intent-filter> -->
98        </activity>
99        <activity
99-->src\main\AndroidManifest.xml:71:9-79:20
100            android:name="com.hekangyuan.nivi1000.activity.DrawsActivity"
100-->src\main\AndroidManifest.xml:72:13-51
101            android:screenOrientation="landscape" >
101-->src\main\AndroidManifest.xml:73:13-50
102
103            <!-- <intent-filter> -->
104            <!-- <action android:name="android.intent.action.MAIN" /> -->
105            <!-- <category android:name="android.intent.category.LAUNCHER" /> -->
106            <!-- </intent-filter> -->
107
108        </activity>
109        <activity
109-->src\main\AndroidManifest.xml:82:9-89:20
110            android:name="com.hekangyuan.nivi1000.activity.ResultThreeActivity"
110-->src\main\AndroidManifest.xml:83:13-57
111            android:screenOrientation="landscape" >
111-->src\main\AndroidManifest.xml:84:13-50
112
113            <!-- <intent-filter> -->
114            <!-- <action android:name="android.intent.action.MAIN" /> -->
115            <!-- <category android:name="android.intent.category.LAUNCHER" /> -->
116            <!-- </intent-filter> -->
117        </activity>
118        <activity
118-->src\main\AndroidManifest.xml:91:9-98:20
119            android:name="com.hekangyuan.nivi1000.activity.ResultOneActivity"
119-->src\main\AndroidManifest.xml:92:13-55
120            android:screenOrientation="landscape" >
120-->src\main\AndroidManifest.xml:93:13-50
121
122            <!-- <intent-filter> -->
123            <!-- <action android:name="android.intent.action.MAIN" /> -->
124            <!-- <category android:name="android.intent.category.LAUNCHER" /> -->
125            <!-- </intent-filter> -->
126        </activity>
127        <activity
127-->src\main\AndroidManifest.xml:100:9-103:20
128            android:name="com.hekangyuan.nivi1000.activity.HistoryResultOneActivity"
128-->src\main\AndroidManifest.xml:101:13-62
129            android:screenOrientation="landscape" >
129-->src\main\AndroidManifest.xml:102:13-50
130        </activity>
131        <activity
131-->src\main\AndroidManifest.xml:105:9-109:20
132            android:name="com.hekangyuan.nivi1000.activity.ResultTwoActivity"
132-->src\main\AndroidManifest.xml:106:13-55
133            android:screenOrientation="landscape" >
133-->src\main\AndroidManifest.xml:107:13-50
134        </activity>
135        <activity
135-->src\main\AndroidManifest.xml:110:9-112:62
136            android:name="com.hekangyuan.nivi1000.activity.SettingActivity"
136-->src\main\AndroidManifest.xml:111:13-53
137            android:screenOrientation="landscape" />
137-->src\main\AndroidManifest.xml:112:13-50
138        <activity
138-->src\main\AndroidManifest.xml:113:9-118:25
139            android:name="com.hekangyuan.nivi1000.activity.ModifyPasswordActivity"
139-->src\main\AndroidManifest.xml:114:13-60
140            android:label=""
140-->src\main\AndroidManifest.xml:116:13-29
141            android:screenOrientation="landscape"
141-->src\main\AndroidManifest.xml:117:13-50
142            android:theme="@style/MyDialogStyle" />
142-->src\main\AndroidManifest.xml:115:13-49
143        <activity
143-->src\main\AndroidManifest.xml:119:9-124:20
144            android:name="com.hekangyuan.nivi1000.activity.UsbActivity"
144-->src\main\AndroidManifest.xml:119:19-55
145            android:label=""
145-->src\main\AndroidManifest.xml:121:13-29
146            android:screenOrientation="landscape"
146-->src\main\AndroidManifest.xml:122:13-50
147            android:theme="@style/MyDialogStyle" >
147-->src\main\AndroidManifest.xml:120:13-49
148        </activity>
149
150        <receiver
150-->src\main\AndroidManifest.xml:125:9-132:20
151            android:name="com.hekangyuan.nivi1000.broadcast.USBBroadcastReceiver"
151-->src\main\AndroidManifest.xml:125:19-65
152            android:enabled="true"
152-->src\main\AndroidManifest.xml:126:13-35
153            android:exported="true" >
153-->src\main\AndroidManifest.xml:127:13-36
154            <intent-filter>
154-->src\main\AndroidManifest.xml:128:13-131:29
155                <action android:name="android.hardware.usb.action.USB_DEVICE_ATTACHED" />
155-->src\main\AndroidManifest.xml:129:17-89
155-->src\main\AndroidManifest.xml:129:25-87
156                <action android:name="android.hardware.usb.action.USB_DEVICE_DETACHED" />
156-->src\main\AndroidManifest.xml:130:17-89
156-->src\main\AndroidManifest.xml:130:25-87
157            </intent-filter>
158        </receiver>
159
160        <meta-data
160-->src\main\AndroidManifest.xml:133:9-135:36
161            android:name="design_width_in_dp"
161-->src\main\AndroidManifest.xml:134:13-46
162            android:value="1080" />
162-->src\main\AndroidManifest.xml:135:13-33
163        <meta-data
163-->src\main\AndroidManifest.xml:136:9-138:36
164            android:name="design_height_in_dp"
164-->src\main\AndroidManifest.xml:137:13-47
165            android:value="1920" />
165-->src\main\AndroidManifest.xml:138:13-33
166
167        <!-- <meta-data -->
168        <!-- android:name="design_width_in_dp" -->
169        <!-- android:value="640"/> -->
170        <!-- <meta-data -->
171        <!-- android:name="design_height_in_dp" -->
172        <!-- android:value="1280"/> -->
173
174        <meta-data
174-->[com.android.support:appcompat-v7:26.1.0] AndroidManifest.xml:26:9-28:38
175            android:name="android.support.VERSION"
175-->[com.android.support:appcompat-v7:26.1.0] AndroidManifest.xml:27:13-51
176            android:value="26.1.0" />
176-->[com.android.support:appcompat-v7:26.1.0] AndroidManifest.xml:28:13-35
177
178        <activity
178-->[com.blankj:utilcode:1.30.0] AndroidManifest.xml:10:9-14:75
179            android:name="com.blankj.utilcode.util.UtilsTransActivity4MainProcess"
179-->[com.blankj:utilcode:1.30.0] AndroidManifest.xml:11:13-83
180            android:configChanges="orientation|keyboardHidden|screenSize"
180-->[com.blankj:utilcode:1.30.0] AndroidManifest.xml:12:13-74
181            android:theme="@style/ActivityTranslucent"
181-->[com.blankj:utilcode:1.30.0] AndroidManifest.xml:13:13-55
182            android:windowSoftInputMode="stateHidden|stateAlwaysHidden" />
182-->[com.blankj:utilcode:1.30.0] AndroidManifest.xml:14:13-72
183        <activity
183-->[com.blankj:utilcode:1.30.0] AndroidManifest.xml:15:9-20:75
184            android:name="com.blankj.utilcode.util.UtilsTransActivity"
184-->[com.blankj:utilcode:1.30.0] AndroidManifest.xml:16:13-71
185            android:configChanges="orientation|keyboardHidden|screenSize"
185-->[com.blankj:utilcode:1.30.0] AndroidManifest.xml:17:13-74
186            android:multiprocess="true"
186-->[com.blankj:utilcode:1.30.0] AndroidManifest.xml:18:13-40
187            android:theme="@style/ActivityTranslucent"
187-->[com.blankj:utilcode:1.30.0] AndroidManifest.xml:19:13-55
188            android:windowSoftInputMode="stateHidden|stateAlwaysHidden" />
188-->[com.blankj:utilcode:1.30.0] AndroidManifest.xml:20:13-72
189
190        <provider
190-->[com.blankj:utilcode:1.30.0] AndroidManifest.xml:22:9-30:20
191            android:name="com.blankj.utilcode.util.UtilsFileProvider"
191-->[com.blankj:utilcode:1.30.0] AndroidManifest.xml:23:13-70
192            android:authorities="com.hekangyuan.nivi1000.utilcode.provider"
192-->[com.blankj:utilcode:1.30.0] AndroidManifest.xml:24:13-69
193            android:exported="false"
193-->[com.blankj:utilcode:1.30.0] AndroidManifest.xml:25:13-37
194            android:grantUriPermissions="true" >
194-->[com.blankj:utilcode:1.30.0] AndroidManifest.xml:26:13-47
195            <meta-data
195-->[com.blankj:utilcode:1.30.0] AndroidManifest.xml:27:13-29:68
196                android:name="android.support.FILE_PROVIDER_PATHS"
196-->[com.blankj:utilcode:1.30.0] AndroidManifest.xml:28:17-67
197                android:resource="@xml/util_code_provider_paths" />
197-->[com.blankj:utilcode:1.30.0] AndroidManifest.xml:29:17-65
198        </provider>
199
200        <service
200-->[com.blankj:utilcode:1.30.0] AndroidManifest.xml:32:9-38:19
201            android:name="com.blankj.utilcode.util.MessengerUtils$ServerService"
201-->[com.blankj:utilcode:1.30.0] AndroidManifest.xml:33:13-81
202            android:exported="false" >
202-->[com.blankj:utilcode:1.30.0] AndroidManifest.xml:34:13-37
203            <intent-filter>
203-->[com.blankj:utilcode:1.30.0] AndroidManifest.xml:35:13-37:29
204                <action android:name="com.hekangyuan.nivi1000.messenger" />
204-->[com.blankj:utilcode:1.30.0] AndroidManifest.xml:36:17-69
204-->[com.blankj:utilcode:1.30.0] AndroidManifest.xml:36:25-66
205            </intent-filter>
206        </service>
207
208        <provider
208-->[me.jessyan:autosize:0.9.5] AndroidManifest.xml:12:9-16:43
209            android:name="me.jessyan.autosize.InitProvider"
209-->[me.jessyan:autosize:0.9.5] AndroidManifest.xml:13:13-60
210            android:authorities="com.hekangyuan.nivi1000.autosize-init-provider"
210-->[me.jessyan:autosize:0.9.5] AndroidManifest.xml:14:13-74
211            android:exported="false"
211-->[me.jessyan:autosize:0.9.5] AndroidManifest.xml:15:13-37
212            android:multiprocess="true" />
212-->[me.jessyan:autosize:0.9.5] AndroidManifest.xml:16:13-40
213
214        <meta-data
214-->[android.arch.lifecycle:runtime:1.0.0] AndroidManifest.xml:25:9-27:47
215            android:name="android.arch.lifecycle.VERSION"
215-->[android.arch.lifecycle:runtime:1.0.0] AndroidManifest.xml:26:13-58
216            android:value="27.0.0-SNAPSHOT" />
216-->[android.arch.lifecycle:runtime:1.0.0] AndroidManifest.xml:27:13-44
217    </application>
218
219</manifest>